02:46:45.411 INFO  o.s.boot.StartupInfoLogger.logStarting 48 -- Starting CGfeatureApplication on nas-PC with PID 5020 (D:\Spring\Workspace\CGfeature\bin started by nas in D:\Spring\Workspace\CGfeature)
02:46:45.414 DEBUG o.s.boot.StartupInfoLogger.logStarting 51 -- Running with Spring Boot v1.5.4.BUILD-SNAPSHOT, Spring v4.3.9.RELEASE
02:46:45.414 INFO  o.s.boot.SpringApplication.logStartupProfileInfo 597 -- The following profiles are active: prod,web
02:47:03.430 DEBUG o.s.web.filter.GenericFilterBean.init 208 -- Initializing filter 'getAuthTokenFilter'
02:47:03.430 DEBUG o.s.web.filter.GenericFilterBean.init 239 -- Filter 'getAuthTokenFilter' configured successfully
02:47:07.428 INFO  o.s.boot.StartupInfoLogger.logStarted 57 -- Started CGfeatureApplication in 22.563 seconds (JVM running for 23.695)
03:02:47.243 DEBUG o.s.s.w.a.AbstractAuthenticationProcessingFilter.doFilter 206 -- Request is to process authentication
03:02:47.243 DEBUG o.c.s.CustomAuthenticationFilter.attemptAuthentication 56 -- Attempting authentication.
03:02:47.243 INFO  org.cg.security.SocialSignInService.getAuthentication 133 -- TOKEN: null
03:02:47.243 DEBUG org.cg.security.SocialSignInService.getAuthentication 141 -- No user in cache. Prepare for authentication.
03:02:47.251 DEBUG o.c.s.CustomAuthenticationFilter.attemptAuthentication 78 -- No code in request, going to attempt an authentication request.
03:02:47.251 DEBUG o.c.s.CustomAuthenticationFilter.extractProvider 134 -- Provider:google
03:02:47.263 DEBUG org.cg.security.SocialSignInService.sendRedirectRequest 155 -- Sending redirect request to:https://accounts.google.com/o/oauth2/v2/auth?response_type=code&client_id=651494547173-2vmn7mu2kcdr2uvvmof69ps2a83su13v.apps.googleusercontent.com&redirect_uri=http://stest.com:8080/auth&state=VTYu9_1S9aSYiaXWuIoBtH2w5tkm6CjtRVlQw1CmWjY&scope=profile+email
03:02:47.264 DEBUG org.cg.security.SocialSignInService.sendRedirectRequest 159 --  Redirecting request...
03:02:51.544 DEBUG o.s.s.w.a.AbstractAuthenticationProcessingFilter.doFilter 206 -- Request is to process authentication
03:02:51.545 DEBUG o.c.s.CustomAuthenticationFilter.attemptAuthentication 56 -- Attempting authentication.
03:02:51.545 INFO  org.cg.security.SocialSignInService.getAuthentication 133 -- TOKEN: null
03:02:51.545 DEBUG org.cg.security.SocialSignInService.getAuthentication 141 -- No user in cache. Prepare for authentication.
03:02:51.546 DEBUG o.c.s.CustomAuthenticationFilter.attemptAuthentication 70 -- Received code in request. Going to handle code response.
03:02:51.546 DEBUG org.cg.security.SocialSignInService.getTokens 234 -- About to get ID and Access tokens 
03:02:51.546 DEBUG org.cg.security.SocialSignInService.getTokens 235 -- /auth
03:02:51.546 DEBUG org.cg.security.SocialSignInService.getTokens 241 -- google
03:02:51.546 DEBUG org.cg.security.SocialSignInService.getTokens 242 -- Getting authcode from request. Authorization Code: 4/ykbsdtLmZqptOV3efMaLfxlfIlsMCVBVrrh9bXwXtlY
03:02:51.547 DEBUG org.cg.security.SocialSignInService.sendTokenRequest 274 -- Preparing tokens request....
03:02:51.601 DEBUG org.cg.security.SocialSignInService.sendTokenRequest 306 -- Sending request to:https://www.googleapis.com/oauth2/v4/token
03:02:51.915 DEBUG org.cg.security.SocialSignInService.sendTokenRequest 311 -- ResponseBody:{
 "access_token": "ya29.GlvDBDbiuUofxHadP2ER5HVsdtp92_bYtT2R_2afLgXBokxJeuNhD4fUboOPpwySCIMzG2da_XrZtZ7HI81hzny_170F4kuqaPejqkEXA8Alp4xXtcscVZbL7Pi9",
 "token_type": "Bearer",
 "expires_in": 3600,
 "id_token": "eyJhbGciOiJSUzI1NiIsImtpZCI6ImI3NTQ0YWVmZDQ0ODdjNmRlODhkNjFhYmMzY2JjM2YxOGYzOTM3M2MifQ.eyJhenAiOiI2NTE0OTQ1NDcxNzMtMnZtbjdtdTJrY2RyMnV2dm1vZjY5cHMyYTgzc3UxM3YuYXBwcy5nb29nbGV1c2VyY29udGVudC5jb20iLCJhdWQiOiI2NTE0OTQ1NDcxNzMtMnZtbjdtdTJrY2RyMnV2dm1vZjY5cHMyYTgzc3UxM3YuYXBwcy5nb29nbGV1c2VyY29udGVudC5jb20iLCJzdWIiOiIxMDkzNTE2ODAxNDQ4Mzk2MDI5MjYiLCJlbWFpbCI6Im5hcy5nLmF0YW5hc292QGdtYWlsLmNvbSIsImVtYWlsX3ZlcmlmaWVkIjp0cnVlLCJhdF9oYXNoIjoic011aFZ5emxoWTkzUGZtWThmQWhmdyIsImlzcyI6Imh0dHBzOi8vYWNjb3VudHMuZ29vZ2xlLmNvbSIsImlhdCI6MTUwNTA5NTM3MiwiZXhwIjoxNTA1MDk4OTcyLCJuYW1lIjoiQXRhbmFzIEF0YW5hc292IiwicGljdHVyZSI6Imh0dHBzOi8vbGgzLmdvb2dsZXVzZXJjb250ZW50LmNvbS8tUEtSR0o0eVhvbmMvQUFBQUFBQUFBQUkvQUFBQUFBQUFBQkkvTkdDbS1vWTdJQ3Mvczk2LWMvcGhvdG8uanBnIiwiZ2l2ZW5fbmFtZSI6IkF0YW5hcyIsImZhbWlseV9uYW1lIjoiQXRhbmFzb3YiLCJsb2NhbGUiOiJlbiJ9.MX6zG_LpdQ8syZRpsP5BdxvlNEWahptv6tQRo8qFhPj3kZvMONSWnPxetCRT48L5vyeBz7LvDrMD8yTwq_3xyqVcmpKxdTA7OQYMOmdFyurMr7DOfoXeFh1m3fgorxLCGvDkljlBZcJJQxRNF6p9792eadS0pyAGBnKhyoEUZpBbg6jJETsdCjTTI-lTk1ReGaaRJXNpk35TXz2i_k6wn1Q7jgfMt89dadlFPrluNcKRsxtNhOciQbKsvz45lrK6feOw3WGIgQN6FdsV3dJLo2eESDhzjA4tonFjwxTinWqE_CoTxDBNcJfk-8gUOKD47VU4I9XHzumGw86kwFJLcg"
}

03:02:51.919 DEBUG org.cg.security.SocialSignInService.sendTokenRequest 316 -- StatusCode:200,Message:200,{"access_token":"ya29.GlvDBDbiuUofxHadP2ER5HVsdtp92_bYtT2R_2afLgXBokxJeuNhD4fUboOPpwySCIMzG2da_XrZtZ7HI81hzny_170F4kuqaPejqkEXA8Alp4xXtcscVZbL7Pi9","id_token":"eyJhbGciOiJSUzI1NiIsImtpZCI6ImI3NTQ0YWVmZDQ0ODdjNmRlODhkNjFhYmMzY2JjM2YxOGYzOTM3M2MifQ.eyJhenAiOiI2NTE0OTQ1NDcxNzMtMnZtbjdtdTJrY2RyMnV2dm1vZjY5cHMyYTgzc3UxM3YuYXBwcy5nb29nbGV1c2VyY29udGVudC5jb20iLCJhdWQiOiI2NTE0OTQ1NDcxNzMtMnZtbjdtdTJrY2RyMnV2dm1vZjY5cHMyYTgzc3UxM3YuYXBwcy5nb29nbGV1c2VyY29udGVudC5jb20iLCJzdWIiOiIxMDkzNTE2ODAxNDQ4Mzk2MDI5MjYiLCJlbWFpbCI6Im5hcy5nLmF0YW5hc292QGdtYWlsLmNvbSIsImVtYWlsX3ZlcmlmaWVkIjp0cnVlLCJhdF9oYXNoIjoic011aFZ5emxoWTkzUGZtWThmQWhmdyIsImlzcyI6Imh0dHBzOi8vYWNjb3VudHMuZ29vZ2xlLmNvbSIsImlhdCI6MTUwNTA5NTM3MiwiZXhwIjoxNTA1MDk4OTcyLCJuYW1lIjoiQXRhbmFzIEF0YW5hc292IiwicGljdHVyZSI6Imh0dHBzOi8vbGgzLmdvb2dsZXVzZXJjb250ZW50LmNvbS8tUEtSR0o0eVhvbmMvQUFBQUFBQUFBQUkvQUFBQUFBQUFBQkkvTkdDbS1vWTdJQ3Mvczk2LWMvcGhvdG8uanBnIiwiZ2l2ZW5fbmFtZSI6IkF0YW5hcyIsImZhbWlseV9uYW1lIjoiQXRhbmFzb3YiLCJsb2NhbGUiOiJlbiJ9.MX6zG_LpdQ8syZRpsP5BdxvlNEWahptv6tQRo8qFhPj3kZvMONSWnPxetCRT48L5vyeBz7LvDrMD8yTwq_3xyqVcmpKxdTA7OQYMOmdFyurMr7DOfoXeFh1m3fgorxLCGvDkljlBZcJJQxRNF6p9792eadS0pyAGBnKhyoEUZpBbg6jJETsdCjTTI-lTk1ReGaaRJXNpk35TXz2i_k6wn1Q7jgfMt89dadlFPrluNcKRsxtNhOciQbKsvz45lrK6feOw3WGIgQN6FdsV3dJLo2eESDhzjA4tonFjwxTinWqE_CoTxDBNcJfk-8gUOKD47VU4I9XHzumGw86kwFJLcg","token_type":"Bearer","expires_in":3600},{}
03:02:51.937 DEBUG org.cg.security.SocialSignInService.getTokens 269 -- Returning token: ya29.GlvDBDbiuUofxHadP2ER5HVsdtp92_bYtT2R_2afLgXBokxJeuNhD4fUboOPpwySCIMzG2da_XrZtZ7HI81hzny_170F4kuqaPejqkEXA8Alp4xXtcscVZbL7Pi9
03:02:51.942 DEBUG org.cg.security.SocialSignInService.buildAuthFromTokens 178 -- Getting userInfo from URL:https://www.googleapis.com/userinfo/v2/me
03:02:52.218 DEBUG org.cg.security.SocialSignInService.buildAuthFromTokens 185 -- ResponseBody:{
 "id": "109351680144839602926",
 "email": "nas.g.atanasov@gmail.com",
 "verified_email": true,
 "name": "Atanas Atanasov",
 "given_name": "Atanas",
 "family_name": "Atanasov",
 "link": "https://plus.google.com/109351680144839602926",
 "picture": "https://lh3.googleusercontent.com/-PKRGJ4yXonc/AAAAAAAAAAI/AAAAAAAAABI/NGCm-oY7ICs/photo.jpg",
 "locale": "en"
}

03:02:52.423 DEBUG org.cg.service.impl.UserServiceImpl.getUserByEmail 88 -- Found user:null
03:02:52.546 DEBUG org.cg.service.impl.UserServiceImpl.addUser 36 -- Create-userDTO:[ UserID:null, Username:null, Roles:null, Name:null, email:nas.g.atanasov@gmail.com, socialProvider:GOOGLE, activated: false, contactPreference:null, emaiActive:true, hashKey:null]
03:02:52.741 DEBUG org.cg.service.impl.UserServiceImpl.addUser 41 -- Creating user:User:[Userid=null, Username=null ,role=null ,name=null ,email=nas.g.atanasov@gmail.com ,password=null ,activated=false ,contactPreference=null ,emailActive=true .hashKey=null]
03:02:53.359 DEBUG org.cg.security.SocialSignInService.buildAuthFromTokens 228 -- Creating cache.
03:02:53.361 DEBUG o.c.s.CustomAuthenticationFilter.handleAuthorizationCodeResponse 106 -- Saving in session.
03:02:53.363 DEBUG o.c.s.CustomAuthenticationFilter.handleAuthorizationCodeResponse 109 -- saved request:http://stest.com:8080/auth?state=VTYu9_1S9aSYiaXWuIoBtH2w5tkm6CjtRVlQw1CmWjY&code=4/ykbsdtLmZqptOV3efMaLfxlfIlsMCVBVrrh9bXwXtlY
03:02:53.363 DEBUG o.c.s.CustomAuthenticationFilter.successfulAuthentication 124 -- setting Authentication
03:05:52.973 DEBUG org.cg.rest.MainController.registration 44 -- Reg user:Reg DTO:[firstName:vae ,lastName:we ,email:test123@abv.bg ,username:nas ,password:password ,myRecaptchaResponse:03AOmkcwJGfTmPBFRgOjiA3N_6jeCp8mAvUWMG_IJ0-62adS0FR5CU7E2d5Og4pPrUK5NA2uNn3wv1WJgqeLg93MhoIjG4YD2HVeSNX2LA5ef1ZaTvhTte8SU2KDU5Ca7eFLDVK8c3YrlpT7XJU-E_E2XYuUyJ1xATIpMP3Ab5GHrHWeJlJd5w6QaJqiwKAhQ--yEuA2bD65rNT8ISidsjNTYr-rbf4nVMO4pHKdKstXWDWFrMmIct3WHWRc-HR3Hqw_gzp3gP7IvrCTQRt-X82C9dfU4nSfOYt-Fw1_Qa2hgrXc3jvZZRYoc],resultt: {}
03:05:53.254 DEBUG o.c.s.impl.RegistrationServiceImpl.verifyRecaptcha 89 -- ResponseBody:{
  "success": true,
  "challenge_ts": "2017-09-11T02:04:35Z",
  "hostname": "stest.com"
}
03:05:53.255 DEBUG o.c.s.impl.RegistrationServiceImpl.verifyRecaptcha 99 -- StatusCode:200,Message:200,{"hostname":"stest.com","success":true,"challenge_ts":"2017-09-11T02:04:35Z"},{}
03:05:53.298 DEBUG org.cg.service.impl.UserServiceImpl.addUser 36 -- Create-userDTO:[ UserID:null, Username:nas, Roles:[Role: [id=null ,role=ROLE_USER ,date=Mon Sep 11 03:05:53 BST 2017]], Name:vae we, email:test123@abv.bg, socialProvider:null, activated: false, contactPreference:nomail, emaiActive:false, hashKey:null]
03:05:53.317 DEBUG org.cg.service.impl.UserServiceImpl.convertDtoIntoEntity 161 -- Adding role to user:Role: [id=null ,role=ROLE_USER ,date=Mon Sep 11 03:05:53 BST 2017]
03:05:53.317 DEBUG org.cg.service.impl.UserServiceImpl.addUser 41 -- Creating user:User:[Userid=null, Username=nas ,role=[Role: [id=null ,role=ROLE_USER ,date=Mon Sep 11 03:05:53 BST 2017]] ,name=vae we ,email=test123@abv.bg ,password=password ,activated=false ,contactPreference=nomail ,emailActive=false .hashKey=null]
03:17:48.791 INFO  o.s.boot.StartupInfoLogger.logStarting 48 -- Starting CGfeatureApplication on nas-PC with PID 9564 (D:\Spring\Workspace\CGfeature\bin started by nas in D:\Spring\Workspace\CGfeature)
03:17:48.792 DEBUG o.s.boot.StartupInfoLogger.logStarting 51 -- Running with Spring Boot v1.5.4.BUILD-SNAPSHOT, Spring v4.3.9.RELEASE
03:17:48.792 INFO  o.s.boot.SpringApplication.logStartupProfileInfo 597 -- The following profiles are active: prod,web
03:18:04.465 DEBUG o.s.web.filter.GenericFilterBean.init 208 -- Initializing filter 'getAuthTokenFilter'
03:18:04.466 DEBUG o.s.web.filter.GenericFilterBean.init 239 -- Filter 'getAuthTokenFilter' configured successfully
03:18:07.299 INFO  o.s.boot.StartupInfoLogger.logStarted 57 -- Started CGfeatureApplication in 18.983 seconds (JVM running for 19.926)
03:55:41.703 DEBUG o.c.s.UsernamePasswordAuthenticationProvider.authenticate 36 -- username: test123@abv.bg, password:password
03:56:24.948 DEBUG o.c.s.UsernamePasswordAuthenticationProvider.authenticate 36 -- username: test123@abv.bg, password:password
03:56:36.517 INFO  o.s.boot.StartupInfoLogger.logStarting 48 -- Starting CGfeatureApplication on nas-PC with PID 5748 (D:\Spring\Workspace\CGfeature\bin started by nas in D:\Spring\Workspace\CGfeature)
03:56:36.518 DEBUG o.s.boot.StartupInfoLogger.logStarting 51 -- Running with Spring Boot v1.5.4.BUILD-SNAPSHOT, Spring v4.3.9.RELEASE
03:56:36.518 INFO  o.s.boot.SpringApplication.logStartupProfileInfo 597 -- The following profiles are active: prod,web
03:56:53.365 DEBUG o.s.web.filter.GenericFilterBean.init 208 -- Initializing filter 'getAuthTokenFilter'
03:56:53.365 DEBUG o.s.web.filter.GenericFilterBean.init 239 -- Filter 'getAuthTokenFilter' configured successfully
03:56:56.535 INFO  o.s.boot.StartupInfoLogger.logStarted 57 -- Started CGfeatureApplication in 20.469 seconds (JVM running for 21.46)
03:57:15.721 DEBUG o.c.s.UsernamePasswordAuthenticationProvider.authenticate 36 -- username: test123@abv.bg, password:password
03:57:15.904 DEBUG org.cg.service.impl.UserServiceImpl.getUserByEmail 88 -- Found user:null
03:57:34.481 DEBUG o.s.s.w.a.AbstractAuthenticationProcessingFilter.doFilter 206 -- Request is to process authentication
03:57:34.481 DEBUG o.c.s.CustomAuthenticationFilter.attemptAuthentication 56 -- Attempting authentication.
03:57:34.481 INFO  org.cg.security.SocialSignInService.getAuthentication 133 -- TOKEN: null
03:57:34.482 DEBUG org.cg.security.SocialSignInService.getAuthentication 141 -- No user in cache. Prepare for authentication.
03:57:34.520 DEBUG o.c.s.CustomAuthenticationFilter.attemptAuthentication 78 -- No code in request, going to attempt an authentication request.
03:57:34.520 DEBUG o.c.s.CustomAuthenticationFilter.extractProvider 134 -- Provider:google
03:57:34.532 DEBUG org.cg.security.SocialSignInService.sendRedirectRequest 155 -- Sending redirect request to:https://accounts.google.com/o/oauth2/v2/auth?response_type=code&client_id=651494547173-2vmn7mu2kcdr2uvvmof69ps2a83su13v.apps.googleusercontent.com&redirect_uri=http://stest.com:8080/auth&state=bgNPMEqnrGF-xOe_r8kBqaxHjzNNY7lvmZxc-s9v0-0&scope=profile+email
03:57:34.533 DEBUG org.cg.security.SocialSignInService.sendRedirectRequest 159 --  Redirecting request...
03:57:37.524 DEBUG o.s.s.w.a.AbstractAuthenticationProcessingFilter.doFilter 206 -- Request is to process authentication
03:57:37.524 DEBUG o.c.s.CustomAuthenticationFilter.attemptAuthentication 56 -- Attempting authentication.
03:57:37.524 INFO  org.cg.security.SocialSignInService.getAuthentication 133 -- TOKEN: null
03:57:37.525 DEBUG org.cg.security.SocialSignInService.getAuthentication 141 -- No user in cache. Prepare for authentication.
03:57:37.526 DEBUG o.c.s.CustomAuthenticationFilter.attemptAuthentication 70 -- Received code in request. Going to handle code response.
03:57:37.526 DEBUG org.cg.security.SocialSignInService.getTokens 234 -- About to get ID and Access tokens 
03:57:37.526 DEBUG org.cg.security.SocialSignInService.getTokens 235 -- /auth
03:57:37.527 DEBUG org.cg.security.SocialSignInService.getTokens 241 -- google
03:57:37.527 DEBUG org.cg.security.SocialSignInService.getTokens 242 -- Getting authcode from request. Authorization Code: 4/e4OOfjk4wcPxnyNGtp9AGK3a3cH-zeofmLx2W9ck47A
03:57:37.527 DEBUG org.cg.security.SocialSignInService.sendTokenRequest 274 -- Preparing tokens request....
03:57:37.576 DEBUG org.cg.security.SocialSignInService.sendTokenRequest 306 -- Sending request to:https://www.googleapis.com/oauth2/v4/token
03:57:37.845 DEBUG org.cg.security.SocialSignInService.sendTokenRequest 311 -- ResponseBody:{
 "access_token": "ya29.GlvDBI0pBFcIORC_2faVhWabAkxhFxS4mrwkstP3FmI0cnkvnLUR-FumRvLdD0lrIbthbkglSTn8Ohtlz66dsIiL_DqmUGt7OmOk4gmtVqKUcGW1kQ9X4xHyLpEw",
 "token_type": "Bearer",
 "expires_in": 3599,
 "id_token": "eyJhbGciOiJSUzI1NiIsImtpZCI6ImI3NTQ0YWVmZDQ0ODdjNmRlODhkNjFhYmMzY2JjM2YxOGYzOTM3M2MifQ.eyJhenAiOiI2NTE0OTQ1NDcxNzMtMnZtbjdtdTJrY2RyMnV2dm1vZjY5cHMyYTgzc3UxM3YuYXBwcy5nb29nbGV1c2VyY29udGVudC5jb20iLCJhdWQiOiI2NTE0OTQ1NDcxNzMtMnZtbjdtdTJrY2RyMnV2dm1vZjY5cHMyYTgzc3UxM3YuYXBwcy5nb29nbGV1c2VyY29udGVudC5jb20iLCJzdWIiOiIxMDkzNTE2ODAxNDQ4Mzk2MDI5MjYiLCJlbWFpbCI6Im5hcy5nLmF0YW5hc292QGdtYWlsLmNvbSIsImVtYWlsX3ZlcmlmaWVkIjp0cnVlLCJhdF9oYXNoIjoicm5kZ09zOGJlMkpGb1c0VUE0cXYzZyIsImlzcyI6Imh0dHBzOi8vYWNjb3VudHMuZ29vZ2xlLmNvbSIsImlhdCI6MTUwNTA5ODY1OCwiZXhwIjoxNTA1MTAyMjU4LCJuYW1lIjoiQXRhbmFzIEF0YW5hc292IiwicGljdHVyZSI6Imh0dHBzOi8vbGgzLmdvb2dsZXVzZXJjb250ZW50LmNvbS8tUEtSR0o0eVhvbmMvQUFBQUFBQUFBQUkvQUFBQUFBQUFBQkkvTkdDbS1vWTdJQ3Mvczk2LWMvcGhvdG8uanBnIiwiZ2l2ZW5fbmFtZSI6IkF0YW5hcyIsImZhbWlseV9uYW1lIjoiQXRhbmFzb3YiLCJsb2NhbGUiOiJlbiJ9.qPXOGqAeL_cSsn2Yi2qFu_06RSvSbntVIBFhukALzFZs6OhNFErQ4qXe6obJrX8dK5D1vJj_ED18z5KZdneM6kIOUtl7YrsZ2mZnr0P8RDGa8n-Tl9CpOjzdlIWS6Zk2zo8GEHebMIXtAytkqKwEUZTCpuM1_G6BmpoK3sBT0nIHAbi0VgmDhQDfeoUbXwp2J9ss770KXR7iTMUuP2lgYUTsEF3XuSLjycW3IColBC3c1dSUxWZVKV3odaahR7Ljj1UR5L7Of_J9WNNifAPeWB9PjUee8RMe9hiFbumBMFSX34dYJImUe8bFG8wzmxSvQYp6JedZol8KGSGxaw5Cyg"
}

03:57:37.856 DEBUG org.cg.security.SocialSignInService.sendTokenRequest 316 -- StatusCode:200,Message:200,{"access_token":"ya29.GlvDBI0pBFcIORC_2faVhWabAkxhFxS4mrwkstP3FmI0cnkvnLUR-FumRvLdD0lrIbthbkglSTn8Ohtlz66dsIiL_DqmUGt7OmOk4gmtVqKUcGW1kQ9X4xHyLpEw","id_token":"eyJhbGciOiJSUzI1NiIsImtpZCI6ImI3NTQ0YWVmZDQ0ODdjNmRlODhkNjFhYmMzY2JjM2YxOGYzOTM3M2MifQ.eyJhenAiOiI2NTE0OTQ1NDcxNzMtMnZtbjdtdTJrY2RyMnV2dm1vZjY5cHMyYTgzc3UxM3YuYXBwcy5nb29nbGV1c2VyY29udGVudC5jb20iLCJhdWQiOiI2NTE0OTQ1NDcxNzMtMnZtbjdtdTJrY2RyMnV2dm1vZjY5cHMyYTgzc3UxM3YuYXBwcy5nb29nbGV1c2VyY29udGVudC5jb20iLCJzdWIiOiIxMDkzNTE2ODAxNDQ4Mzk2MDI5MjYiLCJlbWFpbCI6Im5hcy5nLmF0YW5hc292QGdtYWlsLmNvbSIsImVtYWlsX3ZlcmlmaWVkIjp0cnVlLCJhdF9oYXNoIjoicm5kZ09zOGJlMkpGb1c0VUE0cXYzZyIsImlzcyI6Imh0dHBzOi8vYWNjb3VudHMuZ29vZ2xlLmNvbSIsImlhdCI6MTUwNTA5ODY1OCwiZXhwIjoxNTA1MTAyMjU4LCJuYW1lIjoiQXRhbmFzIEF0YW5hc292IiwicGljdHVyZSI6Imh0dHBzOi8vbGgzLmdvb2dsZXVzZXJjb250ZW50LmNvbS8tUEtSR0o0eVhvbmMvQUFBQUFBQUFBQUkvQUFBQUFBQUFBQkkvTkdDbS1vWTdJQ3Mvczk2LWMvcGhvdG8uanBnIiwiZ2l2ZW5fbmFtZSI6IkF0YW5hcyIsImZhbWlseV9uYW1lIjoiQXRhbmFzb3YiLCJsb2NhbGUiOiJlbiJ9.qPXOGqAeL_cSsn2Yi2qFu_06RSvSbntVIBFhukALzFZs6OhNFErQ4qXe6obJrX8dK5D1vJj_ED18z5KZdneM6kIOUtl7YrsZ2mZnr0P8RDGa8n-Tl9CpOjzdlIWS6Zk2zo8GEHebMIXtAytkqKwEUZTCpuM1_G6BmpoK3sBT0nIHAbi0VgmDhQDfeoUbXwp2J9ss770KXR7iTMUuP2lgYUTsEF3XuSLjycW3IColBC3c1dSUxWZVKV3odaahR7Ljj1UR5L7Of_J9WNNifAPeWB9PjUee8RMe9hiFbumBMFSX34dYJImUe8bFG8wzmxSvQYp6JedZol8KGSGxaw5Cyg","token_type":"Bearer","expires_in":3599},{}
03:57:37.886 DEBUG org.cg.security.SocialSignInService.getTokens 269 -- Returning token: ya29.GlvDBI0pBFcIORC_2faVhWabAkxhFxS4mrwkstP3FmI0cnkvnLUR-FumRvLdD0lrIbthbkglSTn8Ohtlz66dsIiL_DqmUGt7OmOk4gmtVqKUcGW1kQ9X4xHyLpEw
03:57:37.892 DEBUG org.cg.security.SocialSignInService.buildAuthFromTokens 178 -- Getting userInfo from URL:https://www.googleapis.com/userinfo/v2/me
03:57:38.111 DEBUG org.cg.security.SocialSignInService.buildAuthFromTokens 185 -- ResponseBody:{
 "id": "109351680144839602926",
 "email": "nas.g.atanasov@gmail.com",
 "verified_email": true,
 "name": "Atanas Atanasov",
 "given_name": "Atanas",
 "family_name": "Atanasov",
 "link": "https://plus.google.com/109351680144839602926",
 "picture": "https://lh3.googleusercontent.com/-PKRGJ4yXonc/AAAAAAAAAAI/AAAAAAAAABI/NGCm-oY7ICs/photo.jpg",
 "locale": "en"
}

03:57:38.203 DEBUG org.cg.service.impl.UserServiceImpl.getUserByEmail 88 -- Found user:null
03:57:38.323 DEBUG org.cg.service.impl.UserServiceImpl.addUser 36 -- Create-userDTO:[ UserID:null, Username:null, Roles:null, Name:null, email:nas.g.atanasov@gmail.com, socialProvider:GOOGLE, activated: false, contactPreference:null, emaiActive:true, hashKey:null]
03:57:38.712 DEBUG org.cg.service.impl.UserServiceImpl.addUser 41 -- Creating user:User:[Userid=null, Username=null ,role=null ,name=null ,email=nas.g.atanasov@gmail.com ,password=null ,activated=false ,contactPreference=null ,emailActive=true .hashKey=null]
03:57:39.303 DEBUG org.cg.security.SocialSignInService.buildAuthFromTokens 228 -- Creating cache.
03:57:39.304 DEBUG o.c.s.CustomAuthenticationFilter.handleAuthorizationCodeResponse 106 -- Saving in session.
03:57:39.307 DEBUG o.c.s.CustomAuthenticationFilter.handleAuthorizationCodeResponse 109 -- saved request:http://stest.com:8080/auth?state=bgNPMEqnrGF-xOe_r8kBqaxHjzNNY7lvmZxc-s9v0-0&code=4/e4OOfjk4wcPxnyNGtp9AGK3a3cH-zeofmLx2W9ck47A
03:57:39.308 DEBUG o.c.s.CustomAuthenticationFilter.successfulAuthentication 124 -- setting Authentication
03:58:08.055 DEBUG o.s.s.w.a.AbstractAuthenticationProcessingFilter.doFilter 206 -- Request is to process authentication
03:58:08.055 DEBUG o.c.s.CustomAuthenticationFilter.attemptAuthentication 56 -- Attempting authentication.
03:58:08.056 INFO  org.cg.security.SocialSignInService.getAuthentication 133 -- TOKEN: null
03:58:08.056 DEBUG org.cg.security.SocialSignInService.getAuthentication 141 -- No user in cache. Prepare for authentication.
03:58:08.056 DEBUG o.c.s.CustomAuthenticationFilter.attemptAuthentication 78 -- No code in request, going to attempt an authentication request.
03:58:08.057 DEBUG o.c.s.CustomAuthenticationFilter.extractProvider 134 -- Provider:google
03:58:08.057 DEBUG org.cg.security.SocialSignInService.sendRedirectRequest 155 -- Sending redirect request to:https://accounts.google.com/o/oauth2/v2/auth?response_type=code&client_id=651494547173-2vmn7mu2kcdr2uvvmof69ps2a83su13v.apps.googleusercontent.com&redirect_uri=http://stest.com:8080/auth&state=jw5vfVV6mS_1TRHhGYsOkiNZkp__qDSRDt9NlA-sCvE&scope=profile+email
03:58:08.057 DEBUG org.cg.security.SocialSignInService.sendRedirectRequest 159 --  Redirecting request...
03:58:10.693 DEBUG o.s.s.w.a.AbstractAuthenticationProcessingFilter.doFilter 206 -- Request is to process authentication
03:58:10.693 DEBUG o.c.s.CustomAuthenticationFilter.attemptAuthentication 56 -- Attempting authentication.
03:58:10.693 INFO  org.cg.security.SocialSignInService.getAuthentication 133 -- TOKEN: null
03:58:10.694 DEBUG org.cg.security.SocialSignInService.getAuthentication 141 -- No user in cache. Prepare for authentication.
03:58:10.695 DEBUG o.c.s.CustomAuthenticationFilter.attemptAuthentication 70 -- Received code in request. Going to handle code response.
03:58:10.696 DEBUG org.cg.security.SocialSignInService.getTokens 234 -- About to get ID and Access tokens 
03:58:10.696 DEBUG org.cg.security.SocialSignInService.getTokens 235 -- /auth
03:58:10.696 DEBUG org.cg.security.SocialSignInService.getTokens 241 -- google
03:58:10.697 DEBUG org.cg.security.SocialSignInService.getTokens 242 -- Getting authcode from request. Authorization Code: 4/9PpxnYqaby_kHQ0Zek80ueMpZ9Y0PLQkCiN88qLrWW8
03:58:10.697 DEBUG org.cg.security.SocialSignInService.sendTokenRequest 274 -- Preparing tokens request....
03:58:10.709 DEBUG org.cg.security.SocialSignInService.sendTokenRequest 306 -- Sending request to:https://www.googleapis.com/oauth2/v4/token
03:58:10.848 DEBUG org.cg.security.SocialSignInService.sendTokenRequest 311 -- ResponseBody:{
 "access_token": "ya29.GlvDBKlTq2BQb6Ci2B8dOC2El4hPKm54kAhivyr3WXcpzt4Q6N3yttC4uSFCghtaKTg2pVtjt_uzo6zaO5zzYtpxynFXdNVkxOhzXH6Kaw8PvOM0v-s9LvguGmYI",
 "token_type": "Bearer",
 "expires_in": 3600,
 "id_token": "eyJhbGciOiJSUzI1NiIsImtpZCI6ImI3NTQ0YWVmZDQ0ODdjNmRlODhkNjFhYmMzY2JjM2YxOGYzOTM3M2MifQ.eyJhenAiOiI2NTE0OTQ1NDcxNzMtMnZtbjdtdTJrY2RyMnV2dm1vZjY5cHMyYTgzc3UxM3YuYXBwcy5nb29nbGV1c2VyY29udGVudC5jb20iLCJhdWQiOiI2NTE0OTQ1NDcxNzMtMnZtbjdtdTJrY2RyMnV2dm1vZjY5cHMyYTgzc3UxM3YuYXBwcy5nb29nbGV1c2VyY29udGVudC5jb20iLCJzdWIiOiIxMDkzNTE2ODAxNDQ4Mzk2MDI5MjYiLCJlbWFpbCI6Im5hcy5nLmF0YW5hc292QGdtYWlsLmNvbSIsImVtYWlsX3ZlcmlmaWVkIjp0cnVlLCJhdF9oYXNoIjoiUjlBMFU0ZTNQQ243cExQaE1YRk95QSIsImlzcyI6Imh0dHBzOi8vYWNjb3VudHMuZ29vZ2xlLmNvbSIsImlhdCI6MTUwNTA5ODY5MSwiZXhwIjoxNTA1MTAyMjkxLCJuYW1lIjoiQXRhbmFzIEF0YW5hc292IiwicGljdHVyZSI6Imh0dHBzOi8vbGgzLmdvb2dsZXVzZXJjb250ZW50LmNvbS8tUEtSR0o0eVhvbmMvQUFBQUFBQUFBQUkvQUFBQUFBQUFBQkkvTkdDbS1vWTdJQ3Mvczk2LWMvcGhvdG8uanBnIiwiZ2l2ZW5fbmFtZSI6IkF0YW5hcyIsImZhbWlseV9uYW1lIjoiQXRhbmFzb3YiLCJsb2NhbGUiOiJlbiJ9.RwMDu3arrgmq7sZxrtbzR3RHXFAgCMeXklXCE1F1l7mO0cghnjD73WCdtpO7ewDQ23xNj5xfVHcfDE7MRNUy4x_aC-Aqwj_a6uNooYBmnUyQkFnHyHZEfIMSqaxadlyi_V9dMfWZT_f_RnqvZfrPdgC5RA7-olMdllUzsHR2eXgEdytnxKnskvcRkodFol6MjTrg7FwA7Jp-l3GyRBkoHEyT0GqeUxDFZw3E7yjbs3hD_1O1-QjOjWcM7XdhZUyDtXUHfmTsBhaHLrwtoxtJwplReDqIi-tnhgPgXPkeZ87qVtbYw4nj_LOktopWV9nIYR-V6L09EEQ1PsvLZg6tgA"
}

03:58:10.849 DEBUG org.cg.security.SocialSignInService.sendTokenRequest 316 -- StatusCode:200,Message:200,{"access_token":"ya29.GlvDBKlTq2BQb6Ci2B8dOC2El4hPKm54kAhivyr3WXcpzt4Q6N3yttC4uSFCghtaKTg2pVtjt_uzo6zaO5zzYtpxynFXdNVkxOhzXH6Kaw8PvOM0v-s9LvguGmYI","id_token":"eyJhbGciOiJSUzI1NiIsImtpZCI6ImI3NTQ0YWVmZDQ0ODdjNmRlODhkNjFhYmMzY2JjM2YxOGYzOTM3M2MifQ.eyJhenAiOiI2NTE0OTQ1NDcxNzMtMnZtbjdtdTJrY2RyMnV2dm1vZjY5cHMyYTgzc3UxM3YuYXBwcy5nb29nbGV1c2VyY29udGVudC5jb20iLCJhdWQiOiI2NTE0OTQ1NDcxNzMtMnZtbjdtdTJrY2RyMnV2dm1vZjY5cHMyYTgzc3UxM3YuYXBwcy5nb29nbGV1c2VyY29udGVudC5jb20iLCJzdWIiOiIxMDkzNTE2ODAxNDQ4Mzk2MDI5MjYiLCJlbWFpbCI6Im5hcy5nLmF0YW5hc292QGdtYWlsLmNvbSIsImVtYWlsX3ZlcmlmaWVkIjp0cnVlLCJhdF9oYXNoIjoiUjlBMFU0ZTNQQ243cExQaE1YRk95QSIsImlzcyI6Imh0dHBzOi8vYWNjb3VudHMuZ29vZ2xlLmNvbSIsImlhdCI6MTUwNTA5ODY5MSwiZXhwIjoxNTA1MTAyMjkxLCJuYW1lIjoiQXRhbmFzIEF0YW5hc292IiwicGljdHVyZSI6Imh0dHBzOi8vbGgzLmdvb2dsZXVzZXJjb250ZW50LmNvbS8tUEtSR0o0eVhvbmMvQUFBQUFBQUFBQUkvQUFBQUFBQUFBQkkvTkdDbS1vWTdJQ3Mvczk2LWMvcGhvdG8uanBnIiwiZ2l2ZW5fbmFtZSI6IkF0YW5hcyIsImZhbWlseV9uYW1lIjoiQXRhbmFzb3YiLCJsb2NhbGUiOiJlbiJ9.RwMDu3arrgmq7sZxrtbzR3RHXFAgCMeXklXCE1F1l7mO0cghnjD73WCdtpO7ewDQ23xNj5xfVHcfDE7MRNUy4x_aC-Aqwj_a6uNooYBmnUyQkFnHyHZEfIMSqaxadlyi_V9dMfWZT_f_RnqvZfrPdgC5RA7-olMdllUzsHR2eXgEdytnxKnskvcRkodFol6MjTrg7FwA7Jp-l3GyRBkoHEyT0GqeUxDFZw3E7yjbs3hD_1O1-QjOjWcM7XdhZUyDtXUHfmTsBhaHLrwtoxtJwplReDqIi-tnhgPgXPkeZ87qVtbYw4nj_LOktopWV9nIYR-V6L09EEQ1PsvLZg6tgA","token_type":"Bearer","expires_in":3600},{}
03:58:10.850 DEBUG org.cg.security.SocialSignInService.getTokens 269 -- Returning token: ya29.GlvDBKlTq2BQb6Ci2B8dOC2El4hPKm54kAhivyr3WXcpzt4Q6N3yttC4uSFCghtaKTg2pVtjt_uzo6zaO5zzYtpxynFXdNVkxOhzXH6Kaw8PvOM0v-s9LvguGmYI
03:58:10.865 DEBUG org.cg.security.SocialSignInService.buildAuthFromTokens 178 -- Getting userInfo from URL:https://www.googleapis.com/userinfo/v2/me
03:58:11.075 DEBUG org.cg.security.SocialSignInService.buildAuthFromTokens 185 -- ResponseBody:{
 "id": "109351680144839602926",
 "email": "nas.g.atanasov@gmail.com",
 "verified_email": true,
 "name": "Atanas Atanasov",
 "given_name": "Atanas",
 "family_name": "Atanasov",
 "link": "https://plus.google.com/109351680144839602926",
 "picture": "https://lh3.googleusercontent.com/-PKRGJ4yXonc/AAAAAAAAAAI/AAAAAAAAABI/NGCm-oY7ICs/photo.jpg",
 "locale": "en"
}

03:58:11.168 DEBUG org.cg.service.impl.UserServiceImpl.getUserByEmail 88 -- Found user:User:[Userid=2, Username=null ,role=[] ,name=null ,email=nas.g.atanasov@gmail.com ,password=null ,activated=false ,contactPreference=null ,emailActive=true .hashKey=null]
03:58:11.283 DEBUG org.cg.security.SocialSignInService.buildAuthFromTokens 228 -- Creating cache.
03:58:11.284 DEBUG o.c.s.CustomAuthenticationFilter.handleAuthorizationCodeResponse 106 -- Saving in session.
03:58:11.284 DEBUG o.c.s.CustomAuthenticationFilter.handleAuthorizationCodeResponse 109 -- saved request:http://stest.com:8080/auth?state=jw5vfVV6mS_1TRHhGYsOkiNZkp__qDSRDt9NlA-sCvE&code=4/9PpxnYqaby_kHQ0Zek80ueMpZ9Y0PLQkCiN88qLrWW8
03:58:11.284 DEBUG o.c.s.CustomAuthenticationFilter.successfulAuthentication 124 -- setting Authentication
04:01:38.002 DEBUG o.c.s.UsernamePasswordAuthenticationProvider.authenticate 36 -- username: test123@abv.bg, password:password
04:01:38.081 DEBUG org.cg.service.impl.UserServiceImpl.getUserByEmail 88 -- Found user:null
06:02:24.012 INFO  o.s.boot.StartupInfoLogger.logStarting 48 -- Starting CGfeatureApplication on nas-PC with PID 9472 (D:\Spring\Workspace\CGfeature\bin started by nas in D:\Spring\Workspace\CGfeature)
06:02:24.015 DEBUG o.s.boot.StartupInfoLogger.logStarting 51 -- Running with Spring Boot v1.5.4.BUILD-SNAPSHOT, Spring v4.3.9.RELEASE
06:02:24.016 INFO  o.s.boot.SpringApplication.logStartupProfileInfo 597 -- The following profiles are active: prod,web
06:03:05.081 DEBUG o.s.web.filter.GenericFilterBean.init 208 -- Initializing filter 'getAuthTokenFilter'
06:03:05.082 DEBUG o.s.web.filter.GenericFilterBean.init 239 -- Filter 'getAuthTokenFilter' configured successfully
06:03:15.338 INFO  o.s.boot.StartupInfoLogger.logStarted 57 -- Started CGfeatureApplication in 53.094 seconds (JVM running for 61.742)
