10:47:36.576 INFO  o.s.boot.StartupInfoLogger.logStarting 48 -- Starting CGfeatureApplication on nas-PC with PID 8936 (D:\Spring\Workspace\CGfeature\bin started by nas in D:\Spring\Workspace\CGfeature)
10:47:36.830 DEBUG o.s.boot.StartupInfoLogger.logStarting 51 -- Running with Spring Boot v1.5.4.BUILD-SNAPSHOT, Spring v4.3.9.RELEASE
10:47:36.831 INFO  o.s.boot.SpringApplication.logStartupProfileInfo 597 -- The following profiles are active: prod,web
10:48:20.089 DEBUG o.s.web.filter.GenericFilterBean.init 208 -- Initializing filter 'getAuthTokenFilter'
10:48:20.091 DEBUG o.s.web.filter.GenericFilterBean.init 239 -- Filter 'getAuthTokenFilter' configured successfully
10:48:30.546 INFO  o.s.boot.StartupInfoLogger.logStarted 57 -- Started CGfeatureApplication in 56.699 seconds (JVM running for 67.765)
12:10:22.886 DEBUG org.cg.rest.MainController.registration 42 -- Reg user:Reg DTO:[firstName:null ,lastName:null ,email:null ,username:null ,passwordnull ,myRecaptchaResponse:null],recaptha: {}
12:10:24.454 DEBUG o.c.s.impl.RegistrationServiceImpl.verifyRecaptcha 89 -- ResponseBody:{
  "success": false,
  "error-codes": [
    "missing-input-response"
  ]
}
12:10:24.507 DEBUG o.c.s.impl.RegistrationServiceImpl.verifyRecaptcha 99 -- StatusCode:200,Message:200,{"error-codes":["missing-input-response"],"success":false},{}
12:16:37.904 INFO  o.s.boot.StartupInfoLogger.logStarting 48 -- Starting CGfeatureApplication on nas-PC with PID 6008 (D:\Spring\Workspace\CGfeature\bin started by nas in D:\Spring\Workspace\CGfeature)
12:16:37.906 DEBUG o.s.boot.StartupInfoLogger.logStarting 51 -- Running with Spring Boot v1.5.4.BUILD-SNAPSHOT, Spring v4.3.9.RELEASE
12:16:37.907 INFO  o.s.boot.SpringApplication.logStartupProfileInfo 597 -- The following profiles are active: prod,web
12:17:19.110 DEBUG o.s.web.filter.GenericFilterBean.init 208 -- Initializing filter 'getAuthTokenFilter'
12:17:19.111 DEBUG o.s.web.filter.GenericFilterBean.init 239 -- Filter 'getAuthTokenFilter' configured successfully
12:17:29.102 INFO  o.s.boot.StartupInfoLogger.logStarted 57 -- Started CGfeatureApplication in 53.462 seconds (JVM running for 59.56)
12:18:48.783 DEBUG org.cg.rest.MainController.registration 43 -- Reg user:Reg DTO:[firstName:null ,lastName:null ,email:null ,username:null ,passwordnull ,myRecaptchaResponse:null],recaptha: {}
12:18:49.132 DEBUG o.c.s.impl.RegistrationServiceImpl.verifyRecaptcha 89 -- ResponseBody:{
  "success": false,
  "error-codes": [
    "missing-input-response"
  ]
}
12:18:49.147 DEBUG o.c.s.impl.RegistrationServiceImpl.verifyRecaptcha 99 -- StatusCode:200,Message:200,{"error-codes":["missing-input-response"],"success":false},{}
12:28:55.502 INFO  o.s.boot.StartupInfoLogger.logStarting 48 -- Starting CGfeatureApplication on nas-PC with PID 7112 (D:\Spring\Workspace\CGfeature\bin started by nas in D:\Spring\Workspace\CGfeature)
12:28:55.504 DEBUG o.s.boot.StartupInfoLogger.logStarting 51 -- Running with Spring Boot v1.5.4.BUILD-SNAPSHOT, Spring v4.3.9.RELEASE
12:28:55.505 INFO  o.s.boot.SpringApplication.logStartupProfileInfo 597 -- The following profiles are active: prod,web
12:29:37.661 DEBUG o.s.web.filter.GenericFilterBean.init 208 -- Initializing filter 'getAuthTokenFilter'
12:29:37.663 DEBUG o.s.web.filter.GenericFilterBean.init 239 -- Filter 'getAuthTokenFilter' configured successfully
12:29:49.080 INFO  o.s.boot.StartupInfoLogger.logStarted 57 -- Started CGfeatureApplication in 55.156 seconds (JVM running for 58.455)
12:30:19.486 DEBUG org.cg.rest.MainController.registration 44 -- Reg user:Reg DTO:[firstName:null ,lastName:null ,email:null ,username:null ,passwordnull ,myRecaptchaResponse:null],resultt: org.springframework.validation.BeanPropertyBindingResult: 0 errors
12:30:19.967 DEBUG o.c.s.impl.RegistrationServiceImpl.verifyRecaptcha 89 -- ResponseBody:{
  "success": false,
  "error-codes": [
    "missing-input-response"
  ]
}
12:30:19.987 DEBUG o.c.s.impl.RegistrationServiceImpl.verifyRecaptcha 99 -- StatusCode:200,Message:200,{"error-codes":["missing-input-response"],"success":false},{}
12:34:39.425 INFO  o.s.boot.StartupInfoLogger.logStarting 48 -- Starting CGfeatureApplication on nas-PC with PID 9240 (D:\Spring\Workspace\CGfeature\bin started by nas in D:\Spring\Workspace\CGfeature)
12:34:39.428 DEBUG o.s.boot.StartupInfoLogger.logStarting 51 -- Running with Spring Boot v1.5.4.BUILD-SNAPSHOT, Spring v4.3.9.RELEASE
12:34:39.429 INFO  o.s.boot.SpringApplication.logStartupProfileInfo 597 -- The following profiles are active: prod,web
12:35:23.052 DEBUG o.s.web.filter.GenericFilterBean.init 208 -- Initializing filter 'getAuthTokenFilter'
12:35:23.054 DEBUG o.s.web.filter.GenericFilterBean.init 239 -- Filter 'getAuthTokenFilter' configured successfully
12:35:35.333 INFO  o.s.boot.StartupInfoLogger.logStarted 57 -- Started CGfeatureApplication in 57.563 seconds (JVM running for 60.976)
12:39:11.040 DEBUG org.cg.rest.MainController.registration 44 -- Reg user:Reg DTO:[firstName:nas ,lastName:nas ,email:test123@abv.bg ,username:nas ,passwordnull ,myRecaptchaResponse:03AEHxwuyu6RtojgW2wrkIiBahGGsfu1lM6352GDy8YU0NKAz3LPNn-VLFBLyTmYkgUwuHj3P41Dc_e0tVaNbV1WBhb3nYpcvSrsi6m__03ff3lFChYadIZZrYYusYiuy4sHvb7ROXeLM5DngidTbGBy0UcKOqGRDnW4LKj7704ErtsWhW9-3OuuY_VbAAdclPi1b1ouqmYXQQTeLPEP5xAGEb-QqanLweguQJpGkQU0ycCYCRyX93AA2lT8EUHfnYnzngTqy0-mLy2llsi4KaP0-ERC5Wpf_MZjojBJLEwNWog8toFL16w5o],resultt: {}
12:39:11.591 DEBUG o.c.s.impl.RegistrationServiceImpl.verifyRecaptcha 89 -- ResponseBody:{
  "success": true,
  "challenge_ts": "2017-06-25T11:38:49Z",
  "hostname": "stest.com"
}
12:39:11.610 DEBUG o.c.s.impl.RegistrationServiceImpl.verifyRecaptcha 99 -- StatusCode:200,Message:200,{"hostname":"stest.com","success":true,"challenge_ts":"2017-06-25T11:38:49Z"},{}
12:39:11.732 DEBUG org.cg.service.impl.UserServiceImpl.addUser 36 -- Create-userDTO:[ UserID:null, Username:nas, Roles:[Role: [id=null ,role=ROLE_USER ,date=Sun Jun 25 12:39:11 BST 2017]], Name:nas nas, email:test123@abv.bg, socialProvider:null, activated: false, contactPreference:nomail, emaiActive:false, hashKey:null]
12:39:12.403 DEBUG org.cg.service.impl.UserServiceImpl.convertDtoIntoEntity 161 -- Adding role to user:Role: [id=null ,role=ROLE_USER ,date=Sun Jun 25 12:39:12 BST 2017]
12:39:12.406 DEBUG org.cg.service.impl.UserServiceImpl.addUser 41 -- Creating user:User:[Userid=null, Username=nas ,role=[Role: [id=null ,role=ROLE_USER ,date=Sun Jun 25 12:39:12 BST 2017]] ,name=nas nas ,email=test123@abv.bg ,password=null ,activated=false ,contactPreference=nomail ,emailActive=false .hashKey=null]
12:54:11.483 DEBUG org.cg.rest.MainController.registration 44 -- Reg user:Reg DTO:[firstName:nas ,lastName:nas ,email:test123@abv.bg ,username:nas ,passwordpassword ,myRecaptchaResponse:03AEHxwuxzK30RpKAeu9cbl0O261_TXIH22wxpJ_NDGEFDc2KSPLCxMVDd_TyDzJXm_qMbZ-GNlnNiDQJ1TMbMh5XzgFkJQEC4nuKWl7lw7agBph4sm4t5yApw0jLYa1RBb_-7lIt2j7Ty69RQTOhTNn0qs4MovXt67H2qal-KCwqBX5bmGZSoog6CsLlRRrDe42zl8k2T8mvYE3V358gsHR3JahXne4M-Rcfi9vOZheZoW9NLC8rQEJ9Uspc-yrNkM8fSOfjY39jSH-w56LDXvCItjXlhb4uW4dV0fBL_Xx9wiXTO7pt0c50],resultt: {}
12:54:11.688 DEBUG o.c.s.impl.RegistrationServiceImpl.verifyRecaptcha 89 -- ResponseBody:{
  "success": true,
  "challenge_ts": "2017-06-25T11:53:48Z",
  "hostname": "stest.com"
}
12:54:11.689 DEBUG o.c.s.impl.RegistrationServiceImpl.verifyRecaptcha 99 -- StatusCode:200,Message:200,{"hostname":"stest.com","success":true,"challenge_ts":"2017-06-25T11:53:48Z"},{}
12:54:11.744 DEBUG org.cg.service.impl.UserServiceImpl.addUser 36 -- Create-userDTO:[ UserID:null, Username:nas, Roles:[Role: [id=null ,role=ROLE_USER ,date=Sun Jun 25 12:54:11 BST 2017]], Name:nas nas, email:test123@abv.bg, socialProvider:null, activated: false, contactPreference:nomail, emaiActive:false, hashKey:null]
12:54:11.775 DEBUG org.cg.service.impl.UserServiceImpl.convertDtoIntoEntity 161 -- Adding role to user:Role: [id=null ,role=ROLE_USER ,date=Sun Jun 25 12:54:11 BST 2017]
12:54:11.776 DEBUG org.cg.service.impl.UserServiceImpl.addUser 41 -- Creating user:User:[Userid=null, Username=nas ,role=[Role: [id=null ,role=ROLE_USER ,date=Sun Jun 25 12:54:11 BST 2017]] ,name=nas nas ,email=test123@abv.bg ,password=password ,activated=false ,contactPreference=nomail ,emailActive=false .hashKey=null]
