07:35:15.471 INFO  o.s.boot.StartupInfoLogger.logStarting 48 -- Starting CGfeatureApplication on nas-PC with PID 10200 (D:\Spring\Workspace\CGfeature\bin started by nas in D:\Spring\Workspace\CGfeature)
07:35:15.589 DEBUG o.s.boot.StartupInfoLogger.logStarting 51 -- Running with Spring Boot v1.5.4.BUILD-SNAPSHOT, Spring v4.3.9.RELEASE
07:35:15.589 INFO  o.s.boot.SpringApplication.logStartupProfileInfo 597 -- The following profiles are active: prod,web
07:35:34.857 DEBUG o.s.web.filter.GenericFilterBean.init 208 -- Initializing filter 'getAuthTokenFilter'
07:35:34.857 DEBUG o.s.web.filter.GenericFilterBean.init 239 -- Filter 'getAuthTokenFilter' configured successfully
07:35:37.723 INFO  o.s.boot.StartupInfoLogger.logStarted 57 -- Started CGfeatureApplication in 22.896 seconds (JVM running for 24.679)
07:46:07.773 DEBUG o.s.s.w.a.AbstractAuthenticationProcessingFilter.doFilter 206 -- Request is to process authentication
07:46:07.774 DEBUG o.c.s.CustomAuthenticationFilter.attemptAuthentication 56 -- Attempting authentication.
07:46:07.774 INFO  org.cg.security.SocialSignInService.getAuthentication 133 -- TOKEN: null
07:46:07.775 DEBUG org.cg.security.SocialSignInService.getAuthentication 141 -- No user in cache. Prepare for authentication.
07:46:07.777 DEBUG o.c.s.CustomAuthenticationFilter.attemptAuthentication 78 -- No code in request, going to attempt an authentication request.
07:46:07.778 DEBUG o.c.s.CustomAuthenticationFilter.extractProvider 134 -- Provider:google
07:46:07.781 DEBUG org.cg.security.SocialSignInService.sendRedirectRequest 155 -- Sending redirect request to:https://accounts.google.com/o/oauth2/v2/auth?response_type=code&client_id=651494547173-2vmn7mu2kcdr2uvvmof69ps2a83su13v.apps.googleusercontent.com&redirect_uri=http://stest.com:8080/auth&state=Alzn_Ko0VWLEG_lk2stJWqGuaLTbmmvYbezMffXRZGI&scope=profile+email
07:46:07.781 DEBUG org.cg.security.SocialSignInService.sendRedirectRequest 159 --  Redirecting request...
07:46:10.846 DEBUG o.s.s.w.a.AbstractAuthenticationProcessingFilter.doFilter 206 -- Request is to process authentication
07:46:10.846 DEBUG o.c.s.CustomAuthenticationFilter.attemptAuthentication 56 -- Attempting authentication.
07:46:10.847 INFO  org.cg.security.SocialSignInService.getAuthentication 133 -- TOKEN: null
07:46:10.847 DEBUG org.cg.security.SocialSignInService.getAuthentication 141 -- No user in cache. Prepare for authentication.
07:46:10.849 DEBUG o.c.s.CustomAuthenticationFilter.attemptAuthentication 70 -- Received code in request. Going to handle code response.
07:46:10.849 DEBUG org.cg.security.SocialSignInService.getTokens 234 -- About to get ID and Access tokens 
07:46:10.849 DEBUG org.cg.security.SocialSignInService.getTokens 235 -- /auth
07:46:10.850 DEBUG org.cg.security.SocialSignInService.getTokens 241 -- null
07:46:10.850 DEBUG org.cg.security.SocialSignInService.getTokens 242 -- Getting authcode from request. Authorization Code: 4/vfoZHlIm2R3pSc_Jk3x4zDO-cI707qEWMCMx_1CnI2Y
